<?xml version="1.0" encoding="UTF-8"?>
<!-- Generated by org.testng.reporters.JUnitReportReporter -->
<testsuite hostname="admin-PC" failures="0" tests="1" name="practice.Practice" time="0.026" errors="0" timestamp="2023-03-24T12:30:51 IST" skipped="0">
  <testcase classname="practice.Practice" name="sample" time="0.026"/>
  <system-out/>
</testsuite> <!-- practice.Practice -->
