<?xml version="1.0" encoding="UTF-8"?>
<!-- Generated by org.testng.reporters.JUnitReportReporter -->
<testsuite hostname="admin-PC" failures="0" tests="1" name="practice.Practice" time="0.037" errors="0" timestamp="2023-03-21T20:58:20 IST" skipped="0">
  <testcase classname="practice.Practice" name="sample" time="0.037"/>
  <system-out/>
</testsuite> <!-- practice.Practice -->
